Copyright 1986-2022 Xilinx, Inc. All Rights Reserved. Copyright 2022-2026 Advanced Micro Devices, Inc. All Rights Reserved.
------------------------------------------------------------------------------------------------------------------------------------------------------------------------------------------------------------------------
| Tool Version : Vivado v.2025.2.1 (lin64) Build 6403652 Thu Mar 19 13:47:00 MDT 2026
| Date         : Wed Jun 17 05:39:42 2026
| Host         : tony-A3009CD10002 running 64-bit Ubuntu 24.04.4 LTS
| Command      : report_timing_summary -max_paths 10 -routable_nets -report_unconstrained -file fpga_timing_summary_routed.rpt -pb fpga_timing_summary_routed.pb -rpx fpga_timing_summary_routed.rpx -warn_on_violation
| Design       : fpga
| Device       : 7a35t-fgg484
| Speed File   : -1  PRODUCTION 1.23 2018-06-13
| Design State : Routed
------------------------------------------------------------------------------------------------------------------------------------------------------------------------------------------------------------------------

Timing Summary Report

------------------------------------------------------------------------------------------------
| Timer Settings
| --------------
------------------------------------------------------------------------------------------------

  Enable Multi Corner Analysis               :  Yes
  Enable Pessimism Removal                   :  Yes
  Pessimism Removal Resolution               :  Nearest Common Node
  Enable Input Delay Default Clock           :  No
  Enable Preset / Clear Arcs                 :  No
  Disable Flight Delays                      :  No
  Ignore I/O Paths                           :  No
  Timing Early Launch at Borrowing Latches   :  No
  Borrow Time for Max Delay Exceptions       :  Yes
  Merge Timing Exceptions                    :  Yes
  Inter-SLR Compensation                     :  Conservative

  Corner  Analyze    Analyze    
  Name    Max Paths  Min Paths  
  ------  ---------  ---------  
  Slow    Yes        Yes        
  Fast    Yes        Yes        


------------------------------------------------------------------------------------------------
| Report Methodology
| ------------------
------------------------------------------------------------------------------------------------

Rule       Severity          Description                  Violations  
---------  ----------------  ---------------------------  ----------  
TIMING-17  Critical Warning  Non-clocked sequential cell  524         

Note: This report is based on the most recent report_methodology run and may not be up-to-date. Run report_methodology on the current design for the latest report.



check_timing report

Table of Contents
-----------------
1. checking no_clock (524)
2. checking constant_clock (0)
3. checking pulse_width_clock (0)
4. checking unconstrained_internal_endpoints (1501)
5. checking no_input_delay (0)
6. checking no_output_delay (64)
7. checking multiple_clock (0)
8. checking generated_clocks (0)
9. checking loops (0)
10. checking partial_input_delay (0)
11. checking partial_output_delay (0)
12. checking latch_loops (0)

1. checking no_clock (524)
--------------------------
 There are 524 register/latch pins with no clock driven by root clock pin: clk (HIGH)


2. checking constant_clock (0)
------------------------------
 There are 0 register/latch pins with constant_clock.


3. checking pulse_width_clock (0)
---------------------------------
 There are 0 register/latch pins which need pulse_width check


4. checking unconstrained_internal_endpoints (1501)
---------------------------------------------------
 There are 1501 pins that are not constrained for maximum delay. (HIGH)

 There are 0 pins that are not constrained for maximum delay due to constant clock.


5. checking no_input_delay (0)
------------------------------
 There are 0 input ports with no input delay specified.

 There are 0 input ports with no input delay but user has a false path constraint.


6. checking no_output_delay (64)
--------------------------------
 There are 64 ports with no output delay specified. (HIGH)

 There are 0 ports with no output delay but user has a false path constraint

 There are 0 ports with no output delay but with a timing clock defined on it or propagating through it


7. checking multiple_clock (0)
------------------------------
 There are 0 register/latch pins with multiple clocks.


8. checking generated_clocks (0)
--------------------------------
 There are 0 generated clocks that are not connected to a clock source.


9. checking loops (0)
---------------------
 There are 0 combinational loops in the design.


10. checking partial_input_delay (0)
------------------------------------
 There are 0 input ports with partial input delay specified.


11. checking partial_output_delay (0)
-------------------------------------
 There are 0 ports with partial output delay specified.


12. checking latch_loops (0)
----------------------------
 There are 0 combinational latch loops in the design through latch input



------------------------------------------------------------------------------------------------
| Design Timing Summary
| ---------------------
------------------------------------------------------------------------------------------------

    WNS(ns)      TNS(ns)  TNS Failing Endpoints  TNS Total Endpoints      WHS(ns)      THS(ns)  THS Failing Endpoints  THS Total Endpoints     WPWS(ns)     TPWS(ns)  TPWS Failing Endpoints  TPWS Total Endpoints  
    -------      -------  ---------------------  -------------------      -------      -------  ---------------------  -------------------     --------     --------  ----------------------  --------------------  
        inf        0.000                      0                 1565          inf        0.000                      0                 1565           NA           NA                      NA                    NA  


There are no user specified timing constraints.


------------------------------------------------------------------------------------------------
| Clock Summary
| -------------
------------------------------------------------------------------------------------------------


------------------------------------------------------------------------------------------------
| Intra Clock Table
| -----------------
------------------------------------------------------------------------------------------------

Clock             WNS(ns)      TNS(ns)  TNS Failing Endpoints  TNS Total Endpoints      WHS(ns)      THS(ns)  THS Failing Endpoints  THS Total Endpoints     WPWS(ns)     TPWS(ns)  TPWS Failing Endpoints  TPWS Total Endpoints  
-----             -------      -------  ---------------------  -------------------      -------      -------  ---------------------  -------------------     --------     --------  ----------------------  --------------------  


------------------------------------------------------------------------------------------------
| Inter Clock Table
| -----------------
------------------------------------------------------------------------------------------------

From Clock    To Clock          WNS(ns)      TNS(ns)  TNS Failing Endpoints  TNS Total Endpoints      WHS(ns)      THS(ns)  THS Failing Endpoints  THS Total Endpoints  
----------    --------          -------      -------  ---------------------  -------------------      -------      -------  ---------------------  -------------------  


------------------------------------------------------------------------------------------------
| Other Path Groups Table
| -----------------------
------------------------------------------------------------------------------------------------

Path Group    From Clock    To Clock          WNS(ns)      TNS(ns)  TNS Failing Endpoints  TNS Total Endpoints      WHS(ns)      THS(ns)  THS Failing Endpoints  THS Total Endpoints  
----------    ----------    --------          -------      -------  ---------------------  -------------------      -------      -------  ---------------------  -------------------  


------------------------------------------------------------------------------------------------
| User Ignored Path Table
| -----------------------
------------------------------------------------------------------------------------------------

Path Group    From Clock    To Clock    
----------    ----------    --------    


------------------------------------------------------------------------------------------------
| Unconstrained Path Table
| ------------------------
------------------------------------------------------------------------------------------------

Path Group    From Clock    To Clock    
----------    ----------    --------    
(none)                                    


------------------------------------------------------------------------------------------------
| Timing Details
| --------------
------------------------------------------------------------------------------------------------


--------------------------------------------------------------------------------------
Path Group:  (none)
From Clock:  
  To Clock:  

Max Delay          1565 Endpoints
Min Delay          1565 Endpoints
--------------------------------------------------------------------------------------


Max Delay Paths
--------------------------------------------------------------------------------------
Slack:                    inf
  Source:                 pin_PG4_uart_inst/out_reg_reg/C
                            (rising edge-triggered cell FDSE)
  Destination:            PG4
                            (output port)
  Path Group:             (none)
  Path Type:              Max at Slow Process Corner
  Data Path Delay:        8.393ns  (logic 4.010ns (47.783%)  route 4.382ns (52.217%))
  Logic Levels:           2  (FDSE=1 OBUF=1)

    Location             Delay type                Incr(ns)  Path(ns)    Netlist Resource(s)
  -------------------------------------------------------------------    -------------------
    SLICE_X11Y112        FDSE                         0.000     0.000 r  pin_PG4_uart_inst/out_reg_reg/C
    SLICE_X11Y112        FDSE (Prop_fdse_C_Q)         0.456     0.456 r  pin_PG4_uart_inst/out_reg_reg/Q
                         net (fo=1, routed)           4.382     4.838    PG4_OBUF
    G4                   OBUF (Prop_obuf_I_O)         3.554     8.393 r  PG4_OBUF_inst/O
                         net (fo=0)                   0.000     8.393    PG4
    G4                                                                r  PG4 (OUT)
  -------------------------------------------------------------------    -------------------

Slack:                    inf
  Source:                 pin_PA1_uart_inst/out_reg_reg/C
                            (rising edge-triggered cell FDSE)
  Destination:            PA1
                            (output port)
  Path Group:             (none)
  Path Type:              Max at Slow Process Corner
  Data Path Delay:        8.162ns  (logic 4.106ns (50.300%)  route 4.057ns (49.700%))
  Logic Levels:           2  (FDSE=1 OBUF=1)

    Location             Delay type                Incr(ns)  Path(ns)    Netlist Resource(s)
  -------------------------------------------------------------------    -------------------
    SLICE_X8Y120         FDSE                         0.000     0.000 r  pin_PA1_uart_inst/out_reg_reg/C
    SLICE_X8Y120         FDSE (Prop_fdse_C_Q)         0.518     0.518 r  pin_PA1_uart_inst/out_reg_reg/Q
                         net (fo=1, routed)           4.057     4.575    PA1_OBUF
    A1                   OBUF (Prop_obuf_I_O)         3.588     8.162 r  PA1_OBUF_inst/O
                         net (fo=0)                   0.000     8.162    PA1
    A1                                                                r  PA1 (OUT)
  -------------------------------------------------------------------    -------------------

Slack:                    inf
  Source:                 pin_PC2_uart_inst/out_reg_reg/C
                            (rising edge-triggered cell FDSE)
  Destination:            PC2
                            (output port)
  Path Group:             (none)
  Path Type:              Max at Slow Process Corner
  Data Path Delay:        8.115ns  (logic 4.104ns (50.565%)  route 4.012ns (49.435%))
  Logic Levels:           2  (FDSE=1 OBUF=1)

    Location             Delay type                Incr(ns)  Path(ns)    Netlist Resource(s)
  -------------------------------------------------------------------    -------------------
    SLICE_X8Y115         FDSE                         0.000     0.000 r  pin_PC2_uart_inst/out_reg_reg/C
    SLICE_X8Y115         FDSE (Prop_fdse_C_Q)         0.518     0.518 r  pin_PC2_uart_inst/out_reg_reg/Q
                         net (fo=1, routed)           4.012     4.530    PC2_OBUF
    C2                   OBUF (Prop_obuf_I_O)         3.586     8.115 r  PC2_OBUF_inst/O
                         net (fo=0)                   0.000     8.115    PC2
    C2                                                                r  PC2 (OUT)
  -------------------------------------------------------------------    -------------------

Slack:                    inf
  Source:                 pin_PE2_uart_inst/out_reg_reg/C
                            (rising edge-triggered cell FDSE)
  Destination:            PE2
                            (output port)
  Path Group:             (none)
  Path Type:              Max at Slow Process Corner
  Data Path Delay:        7.994ns  (logic 4.088ns (51.141%)  route 3.906ns (48.859%))
  Logic Levels:           2  (FDSE=1 OBUF=1)

    Location             Delay type                Incr(ns)  Path(ns)    Netlist Resource(s)
  -------------------------------------------------------------------    -------------------
    SLICE_X10Y113        FDSE                         0.000     0.000 r  pin_PE2_uart_inst/out_reg_reg/C
    SLICE_X10Y113        FDSE (Prop_fdse_C_Q)         0.518     0.518 r  pin_PE2_uart_inst/out_reg_reg/Q
                         net (fo=1, routed)           3.906     4.424    PE2_OBUF
    E2                   OBUF (Prop_obuf_I_O)         3.570     7.994 r  PE2_OBUF_inst/O
                         net (fo=0)                   0.000     7.994    PE2
    E2                                                                r  PE2 (OUT)
  -------------------------------------------------------------------    -------------------

Slack:                    inf
  Source:                 pin_PB2_uart_inst/out_reg_reg/C
                            (rising edge-triggered cell FDSE)
  Destination:            PB2
                            (output port)
  Path Group:             (none)
  Path Type:              Max at Slow Process Corner
  Data Path Delay:        7.981ns  (logic 4.099ns (51.365%)  route 3.882ns (48.635%))
  Logic Levels:           2  (FDSE=1 OBUF=1)

    Location             Delay type                Incr(ns)  Path(ns)    Netlist Resource(s)
  -------------------------------------------------------------------    -------------------
    SLICE_X10Y117        FDSE                         0.000     0.000 r  pin_PB2_uart_inst/out_reg_reg/C
    SLICE_X10Y117        FDSE (Prop_fdse_C_Q)         0.518     0.518 r  pin_PB2_uart_inst/out_reg_reg/Q
                         net (fo=1, routed)           3.882     4.400    PB2_OBUF
    B2                   OBUF (Prop_obuf_I_O)         3.581     7.981 r  PB2_OBUF_inst/O
                         net (fo=0)                   0.000     7.981    PB2
    B2                                                                r  PB2 (OUT)
  -------------------------------------------------------------------    -------------------

Slack:                    inf
  Source:                 pin_PF3_uart_inst/out_reg_reg/C
                            (rising edge-triggered cell FDSE)
  Destination:            PF3
                            (output port)
  Path Group:             (none)
  Path Type:              Max at Slow Process Corner
  Data Path Delay:        7.973ns  (logic 4.078ns (51.145%)  route 3.895ns (48.855%))
  Logic Levels:           2  (FDSE=1 OBUF=1)

    Location             Delay type                Incr(ns)  Path(ns)    Netlist Resource(s)
  -------------------------------------------------------------------    -------------------
    SLICE_X8Y106         FDSE                         0.000     0.000 r  pin_PF3_uart_inst/out_reg_reg/C
    SLICE_X8Y106         FDSE (Prop_fdse_C_Q)         0.518     0.518 r  pin_PF3_uart_inst/out_reg_reg/Q
                         net (fo=1, routed)           3.895     4.413    PF3_OBUF
    F3                   OBUF (Prop_obuf_I_O)         3.560     7.973 r  PF3_OBUF_inst/O
                         net (fo=0)                   0.000     7.973    PF3
    F3                                                                r  PF3 (OUT)
  -------------------------------------------------------------------    -------------------

Slack:                    inf
  Source:                 pin_PB1_uart_inst/out_reg_reg/C
                            (rising edge-triggered cell FDSE)
  Destination:            PB1
                            (output port)
  Path Group:             (none)
  Path Type:              Max at Slow Process Corner
  Data Path Delay:        7.840ns  (logic 4.105ns (52.363%)  route 3.735ns (47.637%))
  Logic Levels:           2  (FDSE=1 OBUF=1)

    Location             Delay type                Incr(ns)  Path(ns)    Netlist Resource(s)
  -------------------------------------------------------------------    -------------------
    SLICE_X10Y118        FDSE                         0.000     0.000 r  pin_PB1_uart_inst/out_reg_reg/C
    SLICE_X10Y118        FDSE (Prop_fdse_C_Q)         0.518     0.518 r  pin_PB1_uart_inst/out_reg_reg/Q
                         net (fo=1, routed)           3.735     4.253    PB1_OBUF
    B1                   OBUF (Prop_obuf_I_O)         3.587     7.840 r  PB1_OBUF_inst/O
                         net (fo=0)                   0.000     7.840    PB1
    B1                                                                r  PB1 (OUT)
  -------------------------------------------------------------------    -------------------

Slack:                    inf
  Source:                 pin_PF4_uart_inst/out_reg_reg/C
                            (rising edge-triggered cell FDSE)
  Destination:            PF4
                            (output port)
  Path Group:             (none)
  Path Type:              Max at Slow Process Corner
  Data Path Delay:        7.817ns  (logic 4.048ns (51.789%)  route 3.769ns (48.211%))
  Logic Levels:           2  (FDSE=1 OBUF=1)

    Location             Delay type                Incr(ns)  Path(ns)    Netlist Resource(s)
  -------------------------------------------------------------------    -------------------
    SLICE_X6Y109         FDSE                         0.000     0.000 r  pin_PF4_uart_inst/out_reg_reg/C
    SLICE_X6Y109         FDSE (Prop_fdse_C_Q)         0.518     0.518 r  pin_PF4_uart_inst/out_reg_reg/Q
                         net (fo=1, routed)           3.769     4.287    PF4_OBUF
    F4                   OBUF (Prop_obuf_I_O)         3.530     7.817 r  PF4_OBUF_inst/O
                         net (fo=0)                   0.000     7.817    PF4
    F4                                                                r  PF4 (OUT)
  -------------------------------------------------------------------    -------------------

Slack:                    inf
  Source:                 pin_PG1_uart_inst/out_reg_reg/C
                            (rising edge-triggered cell FDSE)
  Destination:            PG1
                            (output port)
  Path Group:             (none)
  Path Type:              Max at Slow Process Corner
  Data Path Delay:        7.799ns  (logic 4.071ns (52.200%)  route 3.728ns (47.800%))
  Logic Levels:           2  (FDSE=1 OBUF=1)

    Location             Delay type                Incr(ns)  Path(ns)    Netlist Resource(s)
  -------------------------------------------------------------------    -------------------
    SLICE_X10Y108        FDSE                         0.000     0.000 r  pin_PG1_uart_inst/out_reg_reg/C
    SLICE_X10Y108        FDSE (Prop_fdse_C_Q)         0.518     0.518 r  pin_PG1_uart_inst/out_reg_reg/Q
                         net (fo=1, routed)           3.728     4.246    PG1_OBUF
    G1                   OBUF (Prop_obuf_I_O)         3.553     7.799 r  PG1_OBUF_inst/O
                         net (fo=0)                   0.000     7.799    PG1
    G1                                                                r  PG1 (OUT)
  -------------------------------------------------------------------    -------------------

Slack:                    inf
  Source:                 pin_PE1_uart_inst/out_reg_reg/C
                            (rising edge-triggered cell FDSE)
  Destination:            PE1
                            (output port)
  Path Group:             (none)
  Path Type:              Max at Slow Process Corner
  Data Path Delay:        7.795ns  (logic 4.084ns (52.392%)  route 3.711ns (47.608%))
  Logic Levels:           2  (FDSE=1 OBUF=1)

    Location             Delay type                Incr(ns)  Path(ns)    Netlist Resource(s)
  -------------------------------------------------------------------    -------------------
    SLICE_X12Y114        FDSE                         0.000     0.000 r  pin_PE1_uart_inst/out_reg_reg/C
    SLICE_X12Y114        FDSE (Prop_fdse_C_Q)         0.518     0.518 r  pin_PE1_uart_inst/out_reg_reg/Q
                         net (fo=1, routed)           3.711     4.229    PE1_OBUF
    E1                   OBUF (Prop_obuf_I_O)         3.566     7.795 r  PE1_OBUF_inst/O
                         net (fo=0)                   0.000     7.795    PE1
    E1                                                                r  PE1 (OUT)
  -------------------------------------------------------------------    -------------------





Min Delay Paths
--------------------------------------------------------------------------------------
Slack:                    inf
  Source:                 pin_PA13_uart_inst/ptr_reg_reg[5]/C
                            (rising edge-triggered cell FDRE)
  Destination:            pin_PA13_uart_inst/out_reg_reg/D
  Path Group:             (none)
  Path Type:              Min at Fast Process Corner
  Data Path Delay:        0.262ns  (logic 0.186ns (70.948%)  route 0.076ns (29.052%))
  Logic Levels:           2  (FDRE=1 LUT6=1)

    Location             Delay type                Incr(ns)  Path(ns)    Netlist Resource(s)
  -------------------------------------------------------------------    -------------------
    SLICE_X0Y127         FDRE                         0.000     0.000 r  pin_PA13_uart_inst/ptr_reg_reg[5]/C
    SLICE_X0Y127         FDRE (Prop_fdre_C_Q)         0.141     0.141 r  pin_PA13_uart_inst/ptr_reg_reg[5]/Q
                         net (fo=3, routed)           0.076     0.217    pin_PA13_uart_inst/ptr_reg_reg[5]
    SLICE_X1Y127         LUT6 (Prop_lut6_I2_O)        0.045     0.262 r  pin_PA13_uart_inst/out_reg_i_1__0/O
                         net (fo=1, routed)           0.000     0.262    pin_PA13_uart_inst/out_reg_i_1__0_n_0
    SLICE_X1Y127         FDSE                                         r  pin_PA13_uart_inst/out_reg_reg/D
  -------------------------------------------------------------------    -------------------

Slack:                    inf
  Source:                 pin_PA1_uart_inst/ptr_reg_reg[5]/C
                            (rising edge-triggered cell FDRE)
  Destination:            pin_PA1_uart_inst/out_reg_reg/D
  Path Group:             (none)
  Path Type:              Min at Fast Process Corner
  Data Path Delay:        0.264ns  (logic 0.186ns (70.371%)  route 0.078ns (29.629%))
  Logic Levels:           2  (FDRE=1 LUT6=1)

    Location             Delay type                Incr(ns)  Path(ns)    Netlist Resource(s)
  -------------------------------------------------------------------    -------------------
    SLICE_X9Y120         FDRE                         0.000     0.000 r  pin_PA1_uart_inst/ptr_reg_reg[5]/C
    SLICE_X9Y120         FDRE (Prop_fdre_C_Q)         0.141     0.141 r  pin_PA1_uart_inst/ptr_reg_reg[5]/Q
                         net (fo=3, routed)           0.078     0.219    pin_PA1_uart_inst/ptr_reg_reg[5]
    SLICE_X8Y120         LUT6 (Prop_lut6_I5_O)        0.045     0.264 r  pin_PA1_uart_inst/out_reg_i_1/O
                         net (fo=1, routed)           0.000     0.264    pin_PA1_uart_inst/out_reg_i_1_n_0
    SLICE_X8Y120         FDSE                                         r  pin_PA1_uart_inst/out_reg_reg/D
  -------------------------------------------------------------------    -------------------

Slack:                    inf
  Source:                 pin_PA21_uart_inst/ptr_reg_reg[5]/C
                            (rising edge-triggered cell FDRE)
  Destination:            pin_PA21_uart_inst/out_reg_reg/D
  Path Group:             (none)
  Path Type:              Min at Fast Process Corner
  Data Path Delay:        0.264ns  (logic 0.186ns (70.371%)  route 0.078ns (29.629%))
  Logic Levels:           2  (FDRE=1 LUT6=1)

    Location             Delay type                Incr(ns)  Path(ns)    Netlist Resource(s)
  -------------------------------------------------------------------    -------------------
    SLICE_X3Y115         FDRE                         0.000     0.000 r  pin_PA21_uart_inst/ptr_reg_reg[5]/C
    SLICE_X3Y115         FDRE (Prop_fdre_C_Q)         0.141     0.141 r  pin_PA21_uart_inst/ptr_reg_reg[5]/Q
                         net (fo=3, routed)           0.078     0.219    pin_PA21_uart_inst/ptr_reg_reg[5]
    SLICE_X2Y115         LUT6 (Prop_lut6_I5_O)        0.045     0.264 r  pin_PA21_uart_inst/out_reg_i_1__7/O
                         net (fo=1, routed)           0.000     0.264    pin_PA21_uart_inst/out_reg_i_1__7_n_0
    SLICE_X2Y115         FDSE                                         r  pin_PA21_uart_inst/out_reg_reg/D
  -------------------------------------------------------------------    -------------------

Slack:                    inf
  Source:                 pin_PB13_uart_inst/ptr_reg_reg[5]/C
                            (rising edge-triggered cell FDRE)
  Destination:            pin_PB13_uart_inst/out_reg_reg/D
  Path Group:             (none)
  Path Type:              Min at Fast Process Corner
  Data Path Delay:        0.264ns  (logic 0.186ns (70.371%)  route 0.078ns (29.629%))
  Logic Levels:           2  (FDRE=1 LUT6=1)

    Location             Delay type                Incr(ns)  Path(ns)    Netlist Resource(s)
  -------------------------------------------------------------------    -------------------
    SLICE_X3Y131         FDRE                         0.000     0.000 r  pin_PB13_uart_inst/ptr_reg_reg[5]/C
    SLICE_X3Y131         FDRE (Prop_fdre_C_Q)         0.141     0.141 r  pin_PB13_uart_inst/ptr_reg_reg[5]/Q
                         net (fo=3, routed)           0.078     0.219    pin_PB13_uart_inst/ptr_reg_reg[5]
    SLICE_X2Y131         LUT6 (Prop_lut6_I3_O)        0.045     0.264 r  pin_PB13_uart_inst/out_reg_i_1__10/O
                         net (fo=1, routed)           0.000     0.264    pin_PB13_uart_inst/out_reg_i_1__10_n_0
    SLICE_X2Y131         FDSE                                         r  pin_PB13_uart_inst/out_reg_reg/D
  -------------------------------------------------------------------    -------------------

Slack:                    inf
  Source:                 pin_PB15_uart_inst/ptr_reg_reg[5]/C
                            (rising edge-triggered cell FDRE)
  Destination:            pin_PB15_uart_inst/out_reg_reg/D
  Path Group:             (none)
  Path Type:              Min at Fast Process Corner
  Data Path Delay:        0.264ns  (logic 0.186ns (70.371%)  route 0.078ns (29.629%))
  Logic Levels:           2  (FDRE=1 LUT6=1)

    Location             Delay type                Incr(ns)  Path(ns)    Netlist Resource(s)
  -------------------------------------------------------------------    -------------------
    SLICE_X3Y123         FDRE                         0.000     0.000 r  pin_PB15_uart_inst/ptr_reg_reg[5]/C
    SLICE_X3Y123         FDRE (Prop_fdre_C_Q)         0.141     0.141 r  pin_PB15_uart_inst/ptr_reg_reg[5]/Q
                         net (fo=3, routed)           0.078     0.219    pin_PB15_uart_inst/ptr_reg_reg[5]
    SLICE_X2Y123         LUT6 (Prop_lut6_I2_O)        0.045     0.264 r  pin_PB15_uart_inst/out_reg_i_1__11/O
                         net (fo=1, routed)           0.000     0.264    pin_PB15_uart_inst/out_reg_i_1__11_n_0
    SLICE_X2Y123         FDSE                                         r  pin_PB15_uart_inst/out_reg_reg/D
  -------------------------------------------------------------------    -------------------

Slack:                    inf
  Source:                 pin_PB17_uart_inst/ptr_reg_reg[5]/C
                            (rising edge-triggered cell FDRE)
  Destination:            pin_PB17_uart_inst/out_reg_reg/D
  Path Group:             (none)
  Path Type:              Min at Fast Process Corner
  Data Path Delay:        0.264ns  (logic 0.186ns (70.371%)  route 0.078ns (29.629%))
  Logic Levels:           2  (FDRE=1 LUT6=1)

    Location             Delay type                Incr(ns)  Path(ns)    Netlist Resource(s)
  -------------------------------------------------------------------    -------------------
    SLICE_X3Y120         FDRE                         0.000     0.000 r  pin_PB17_uart_inst/ptr_reg_reg[5]/C
    SLICE_X3Y120         FDRE (Prop_fdre_C_Q)         0.141     0.141 r  pin_PB17_uart_inst/ptr_reg_reg[5]/Q
                         net (fo=3, routed)           0.078     0.219    pin_PB17_uart_inst/ptr_reg_reg[5]
    SLICE_X2Y120         LUT6 (Prop_lut6_I3_O)        0.045     0.264 r  pin_PB17_uart_inst/out_reg_i_1__13/O
                         net (fo=1, routed)           0.000     0.264    pin_PB17_uart_inst/out_reg_i_1__13_n_0
    SLICE_X2Y120         FDSE                                         r  pin_PB17_uart_inst/out_reg_reg/D
  -------------------------------------------------------------------    -------------------

Slack:                    inf
  Source:                 pin_PB18_uart_inst/ptr_reg_reg[5]/C
                            (rising edge-triggered cell FDRE)
  Destination:            pin_PB18_uart_inst/out_reg_reg/D
  Path Group:             (none)
  Path Type:              Min at Fast Process Corner
  Data Path Delay:        0.264ns  (logic 0.186ns (70.371%)  route 0.078ns (29.629%))
  Logic Levels:           2  (FDRE=1 LUT6=1)

    Location             Delay type                Incr(ns)  Path(ns)    Netlist Resource(s)
  -------------------------------------------------------------------    -------------------
    SLICE_X7Y120         FDRE                         0.000     0.000 r  pin_PB18_uart_inst/ptr_reg_reg[5]/C
    SLICE_X7Y120         FDRE (Prop_fdre_C_Q)         0.141     0.141 r  pin_PB18_uart_inst/ptr_reg_reg[5]/Q
                         net (fo=3, routed)           0.078     0.219    pin_PB18_uart_inst/ptr_reg_reg[5]
    SLICE_X6Y120         LUT6 (Prop_lut6_I2_O)        0.045     0.264 r  pin_PB18_uart_inst/out_reg_i_1__14/O
                         net (fo=1, routed)           0.000     0.264    pin_PB18_uart_inst/out_reg_i_1__14_n_0
    SLICE_X6Y120         FDSE                                         r  pin_PB18_uart_inst/out_reg_reg/D
  -------------------------------------------------------------------    -------------------

Slack:                    inf
  Source:                 pin_PB1_uart_inst/ptr_reg_reg[5]/C
                            (rising edge-triggered cell FDRE)
  Destination:            pin_PB1_uart_inst/out_reg_reg/D
  Path Group:             (none)
  Path Type:              Min at Fast Process Corner
  Data Path Delay:        0.264ns  (logic 0.186ns (70.371%)  route 0.078ns (29.629%))
  Logic Levels:           2  (FDRE=1 LUT6=1)

    Location             Delay type                Incr(ns)  Path(ns)    Netlist Resource(s)
  -------------------------------------------------------------------    -------------------
    SLICE_X11Y118        FDRE                         0.000     0.000 r  pin_PB1_uart_inst/ptr_reg_reg[5]/C
    SLICE_X11Y118        FDRE (Prop_fdre_C_Q)         0.141     0.141 r  pin_PB1_uart_inst/ptr_reg_reg[5]/Q
                         net (fo=3, routed)           0.078     0.219    pin_PB1_uart_inst/ptr_reg_reg[5]
    SLICE_X10Y118        LUT6 (Prop_lut6_I5_O)        0.045     0.264 r  pin_PB1_uart_inst/out_reg_i_1__8/O
                         net (fo=1, routed)           0.000     0.264    pin_PB1_uart_inst/out_reg_i_1__8_n_0
    SLICE_X10Y118        FDSE                                         r  pin_PB1_uart_inst/out_reg_reg/D
  -------------------------------------------------------------------    -------------------

Slack:                    inf
  Source:                 pin_PB2_uart_inst/ptr_reg_reg[5]/C
                            (rising edge-triggered cell FDRE)
  Destination:            pin_PB2_uart_inst/out_reg_reg/D
  Path Group:             (none)
  Path Type:              Min at Fast Process Corner
  Data Path Delay:        0.264ns  (logic 0.186ns (70.371%)  route 0.078ns (29.629%))
  Logic Levels:           2  (FDRE=1 LUT6=1)

    Location             Delay type                Incr(ns)  Path(ns)    Netlist Resource(s)
  -------------------------------------------------------------------    -------------------
    SLICE_X11Y117        FDRE                         0.000     0.000 r  pin_PB2_uart_inst/ptr_reg_reg[5]/C
    SLICE_X11Y117        FDRE (Prop_fdre_C_Q)         0.141     0.141 r  pin_PB2_uart_inst/ptr_reg_reg[5]/Q
                         net (fo=3, routed)           0.078     0.219    pin_PB2_uart_inst/ptr_reg_reg[5]
    SLICE_X10Y117        LUT6 (Prop_lut6_I0_O)        0.045     0.264 r  pin_PB2_uart_inst/out_reg_i_1__9/O
                         net (fo=1, routed)           0.000     0.264    pin_PB2_uart_inst/out_reg_i_1__9_n_0
    SLICE_X10Y117        FDSE                                         r  pin_PB2_uart_inst/out_reg_reg/D
  -------------------------------------------------------------------    -------------------

Slack:                    inf
  Source:                 pin_PC13_uart_inst/ptr_reg_reg[5]/C
                            (rising edge-triggered cell FDRE)
  Destination:            pin_PC13_uart_inst/out_reg_reg/D
  Path Group:             (none)
  Path Type:              Min at Fast Process Corner
  Data Path Delay:        0.264ns  (logic 0.186ns (70.371%)  route 0.078ns (29.629%))
  Logic Levels:           2  (FDRE=1 LUT6=1)

    Location             Delay type                Incr(ns)  Path(ns)    Netlist Resource(s)
  -------------------------------------------------------------------    -------------------
    SLICE_X3Y134         FDRE                         0.000     0.000 r  pin_PC13_uart_inst/ptr_reg_reg[5]/C
    SLICE_X3Y134         FDRE (Prop_fdre_C_Q)         0.141     0.141 r  pin_PC13_uart_inst/ptr_reg_reg[5]/Q
                         net (fo=3, routed)           0.078     0.219    pin_PC13_uart_inst/ptr_reg_reg[5]
    SLICE_X2Y134         LUT6 (Prop_lut6_I3_O)        0.045     0.264 r  pin_PC13_uart_inst/out_reg_i_1__19/O
                         net (fo=1, routed)           0.000     0.264    pin_PC13_uart_inst/out_reg_i_1__19_n_0
    SLICE_X2Y134         FDSE                                         r  pin_PC13_uart_inst/out_reg_reg/D
  -------------------------------------------------------------------    -------------------





