Copyright 1986-2022 Xilinx, Inc. All Rights Reserved. Copyright 2022-2026 Advanced Micro Devices, Inc. All Rights Reserved.
---------------------------------------------------------------------------------------------------------------------------------------------
| Tool Version : Vivado v.2025.2.1 (lin64) Build 6403652 Thu Mar 19 13:47:00 MDT 2026
| Date         : Wed Jun 17 05:40:09 2026
| Host         : tony-A3009CD10002 running 64-bit Ubuntu 24.04.4 LTS
| Command      : report_utilization -hierarchical -file fpga_utilization_hierarchical.rpt
| Design       : fpga
| Device       : xc7a35tfgg484-1
| Speed File   : -1
| Design State : Routed
---------------------------------------------------------------------------------------------------------------------------------------------

Utilization Design Information

Table of Contents
-----------------
1. Utilization by Hierarchy

1. Utilization by Hierarchy
---------------------------

+----------+--------+------------+------------+---------+------+-----+--------+--------+------------+
| Instance | Module | Total LUTs | Logic LUTs | LUTRAMs | SRLs | FFs | RAMB36 | RAMB18 | DSP Blocks |
+----------+--------+------------+------------+---------+------+-----+--------+--------+------------+
| fpga     |  (top) |        448 |        448 |       0 |    0 | 524 |      0 |      0 |          0 |
|   (fpga) |  (top) |         64 |         64 |       0 |    0 |  76 |      0 |      0 |          0 |
+----------+--------+------------+------------+---------+------+-----+--------+--------+------------+
* Note: The sum of lower-level cells may be larger than their parent cells total, due to cross-hierarchy LUT combining


